   0  $accept : %entry% $end

   1  program : statements EOF

   2  statements : statement spaces statements
   3             | annotations statements
   4             |

   5  spaces : EOL spaces
   6         | EOL

   7  annotations : annots

   8  annots : ANNOT spaces annots
   9         | ANNOT spaces

  10  statement : stmtkind

  11  stmtkind : typed VAR
  12           | var EQ cast LPAREN addr RPAREN
  13           | var EQ typem LSQUARE addr RSQUARE
  14           | cast LPAREN addr RPAREN EQ atomic
  15           | typem LSQUARE addr RSQUARE EQ atomic
  16           | var EQ expr ifcarry
  17           | var PLUSEQ addexpr
  18           | CARRY QUESTION var PLUSEQ addexpr
  19           | var MINUSEQ subexpr
  20           | CARRY QUESTION var MINUSEQ subexpr
  21           | var MULTEQ atomic
  22           | var ANDEQ atomic
  23           | var OREQ atomic
  24           | var XOREQ atomic
  25           | cast2 var var EQ atomic MULT atomic
  26           | var var EQ atomic MULT atomic
  27           | cast2 var var PLUSEQ atomic MULT atomic
  28           | var var PLUSEQ atomic MULT atomic
  29           | var EQ MINUS var
  30           | var EQ NOT var
  31           | var EQ LPAREN var DOT var RPAREN SHIFTL atomic
  32           | var SHIFTLEQ atomic
  33           | var EQ LPAREN var var RPAREN SHIFTR atomic
  34           | cast2 var SHIFTREQ atomic
  35           | INPUT VAR
  36           | CALLER VAR
  37           | ENTER VAR
  38           | LEAVE
  39           | RETURN
  40           | COMMENT

  41  ifcarry : IF NOT CARRY
  42          | IF CARRY
  43          |

  44  expr : atomic
  45       | atomic PLUS atomic
  46       | atomic PLUS atomic PLUS atomic
  47       | atomic MULT atomic
  48       | atomic AND atomic
  49       | LPAREN atomic SHIFTL atomic RPAREN
  50       | LPAREN atomic UNSIGNED_SHIFTR atomic RPAREN
  51       | atomic PLUS LPAREN atomic SHIFTL atomic RPAREN
  52       | atomic PLUS LPAREN atomic UNSIGNED_SHIFTR atomic RPAREN

  53  addexpr : atomic
  54          | atomic PLUS atomic

  55  subexpr : atomic
  56          | atomic MINUS atomic

  57  atomic : const
  58         | CARRY
  59         | var
  60         | cast LPAREN addr RPAREN
  61         | typem LSQUARE addr RSQUARE
  62         | cast AND VAR
  63         | typem LSQUARE VAR RSQUARE

  64  addr : var PLUS num
  65       | var PLUS var
  66       | var PLUS var MULT num
  67       | var PLUS num PLUS var MULT num

  68  var : VAR

  69  const : num
  70        | HEX

  71  num : NUM

  72  typem : MEM64
  73        | MEM32

  74  typed : INT64
  75        | INT32
  76        | INT3232
  77        | INT6464
  78        | FLOAT80
  79        | STACK32
  80        | STACK64
  81        | STACK128
  82        | STACK256
  83        | STACK512

  84  cast : MULT LPAREN typec MULT RPAREN

  85  cast2 : LPAREN typec RPAREN

  86  typec : INT8
  87        | INT16
  88        | INT32
  89        | INT64
  90        | UINT8
  91        | UINT16
  92        | UINT32
  93        | UINT64
  94        | UINT128

  95  %entry% : '\001' program

state 0
	$accept : . %entry% $end  (0)

	'\001'  shift 1
	.  error

	%entry%  goto 2


state 1
	%entry% : '\001' . program  (95)
	statements : .  (4)

	COMMENT  shift 3
	VAR  shift 4
	LPAREN  shift 5
	ANNOT  shift 6
	MULT  shift 7
	CARRY  shift 8
	INT32  shift 9
	INT64  shift 10
	INT3232  shift 11
	INT6464  shift 12
	FLOAT80  shift 13
	STACK32  shift 14
	STACK64  shift 15
	STACK128  shift 16
	STACK256  shift 17
	STACK512  shift 18
	MEM32  shift 19
	MEM64  shift 20
	CALLER  shift 21
	INPUT  shift 22
	ENTER  shift 23
	LEAVE  shift 24
	RETURN  shift 25
	EOF  reduce 4

	program  goto 26
	statements  goto 27
	statement  goto 28
	annotations  goto 29
	annots  goto 30
	stmtkind  goto 31
	typed  goto 32
	var  goto 33
	cast  goto 34
	typem  goto 35
	cast2  goto 36


state 2
	$accept : %entry% . $end  (0)

	$end  accept


state 3
	stmtkind : COMMENT .  (40)

	.  reduce 40


state 4
	var : VAR .  (68)

	.  reduce 68


state 5
	cast2 : LPAREN . typec RPAREN  (85)

	INT8  shift 37
	INT16  shift 38
	INT32  shift 39
	INT64  shift 40
	UINT8  shift 41
	UINT16  shift 42
	UINT32  shift 43
	UINT64  shift 44
	UINT128  shift 45
	.  error

	typec  goto 46


state 6
	annots : ANNOT . spaces annots  (8)
	annots : ANNOT . spaces  (9)

	EOL  shift 47
	.  error

	spaces  goto 48


state 7
	cast : MULT . LPAREN typec MULT RPAREN  (84)

	LPAREN  shift 49
	.  error


state 8
	stmtkind : CARRY . QUESTION var PLUSEQ addexpr  (18)
	stmtkind : CARRY . QUESTION var MINUSEQ subexpr  (20)

	QUESTION  shift 50
	.  error


state 9
	typed : INT32 .  (75)

	.  reduce 75


state 10
	typed : INT64 .  (74)

	.  reduce 74


state 11
	typed : INT3232 .  (76)

	.  reduce 76


state 12
	typed : INT6464 .  (77)

	.  reduce 77


state 13
	typed : FLOAT80 .  (78)

	.  reduce 78


state 14
	typed : STACK32 .  (79)

	.  reduce 79


state 15
	typed : STACK64 .  (80)

	.  reduce 80


state 16
	typed : STACK128 .  (81)

	.  reduce 81


state 17
	typed : STACK256 .  (82)

	.  reduce 82


state 18
	typed : STACK512 .  (83)

	.  reduce 83


state 19
	typem : MEM32 .  (73)

	.  reduce 73


state 20
	typem : MEM64 .  (72)

	.  reduce 72


state 21
	stmtkind : CALLER . VAR  (36)

	VAR  shift 51
	.  error


state 22
	stmtkind : INPUT . VAR  (35)

	VAR  shift 52
	.  error


state 23
	stmtkind : ENTER . VAR  (37)

	VAR  shift 53
	.  error


state 24
	stmtkind : LEAVE .  (38)

	.  reduce 38


state 25
	stmtkind : RETURN .  (39)

	.  reduce 39


state 26
	%entry% : '\001' program .  (95)

	.  reduce 95


state 27
	program : statements . EOF  (1)

	EOF  shift 54
	.  error


state 28
	statements : statement . spaces statements  (2)

	EOL  shift 47
	.  error

	spaces  goto 55


state 29
	statements : annotations . statements  (3)
	statements : .  (4)

	COMMENT  shift 3
	VAR  shift 4
	LPAREN  shift 5
	ANNOT  shift 6
	MULT  shift 7
	CARRY  shift 8
	INT32  shift 9
	INT64  shift 10
	INT3232  shift 11
	INT6464  shift 12
	FLOAT80  shift 13
	STACK32  shift 14
	STACK64  shift 15
	STACK128  shift 16
	STACK256  shift 17
	STACK512  shift 18
	MEM32  shift 19
	MEM64  shift 20
	CALLER  shift 21
	INPUT  shift 22
	ENTER  shift 23
	LEAVE  shift 24
	RETURN  shift 25
	EOF  reduce 4

	statements  goto 56
	statement  goto 28
	annotations  goto 29
	annots  goto 30
	stmtkind  goto 31
	typed  goto 32
	var  goto 33
	cast  goto 34
	typem  goto 35
	cast2  goto 36


state 30
	annotations : annots .  (7)

	.  reduce 7


state 31
	statement : stmtkind .  (10)

	.  reduce 10


state 32
	stmtkind : typed . VAR  (11)

	VAR  shift 57
	.  error


state 33
	stmtkind : var . EQ cast LPAREN addr RPAREN  (12)
	stmtkind : var . EQ typem LSQUARE addr RSQUARE  (13)
	stmtkind : var . EQ expr ifcarry  (16)
	stmtkind : var . PLUSEQ addexpr  (17)
	stmtkind : var . MINUSEQ subexpr  (19)
	stmtkind : var . MULTEQ atomic  (21)
	stmtkind : var . ANDEQ atomic  (22)
	stmtkind : var . OREQ atomic  (23)
	stmtkind : var . XOREQ atomic  (24)
	stmtkind : var . var EQ atomic MULT atomic  (26)
	stmtkind : var . var PLUSEQ atomic MULT atomic  (28)
	stmtkind : var . EQ MINUS var  (29)
	stmtkind : var . EQ NOT var  (30)
	stmtkind : var . EQ LPAREN var DOT var RPAREN SHIFTL atomic  (31)
	stmtkind : var . SHIFTLEQ atomic  (32)
	stmtkind : var . EQ LPAREN var var RPAREN SHIFTR atomic  (33)

	VAR  shift 4
	PLUSEQ  shift 58
	MINUSEQ  shift 59
	MULTEQ  shift 60
	ANDEQ  shift 61
	OREQ  shift 62
	XOREQ  shift 63
	SHIFTLEQ  shift 64
	EQ  shift 65
	.  error

	var  goto 66


state 34
	stmtkind : cast . LPAREN addr RPAREN EQ atomic  (14)

	LPAREN  shift 67
	.  error


state 35
	stmtkind : typem . LSQUARE addr RSQUARE EQ atomic  (15)

	LSQUARE  shift 68
	.  error


state 36
	stmtkind : cast2 . var var EQ atomic MULT atomic  (25)
	stmtkind : cast2 . var var PLUSEQ atomic MULT atomic  (27)
	stmtkind : cast2 . var SHIFTREQ atomic  (34)

	VAR  shift 4
	.  error

	var  goto 69


state 37
	typec : INT8 .  (86)

	.  reduce 86


state 38
	typec : INT16 .  (87)

	.  reduce 87


state 39
	typec : INT32 .  (88)

	.  reduce 88


state 40
	typec : INT64 .  (89)

	.  reduce 89


state 41
	typec : UINT8 .  (90)

	.  reduce 90


state 42
	typec : UINT16 .  (91)

	.  reduce 91


state 43
	typec : UINT32 .  (92)

	.  reduce 92


state 44
	typec : UINT64 .  (93)

	.  reduce 93


state 45
	typec : UINT128 .  (94)

	.  reduce 94


state 46
	cast2 : LPAREN typec . RPAREN  (85)

	RPAREN  shift 70
	.  error


state 47
	spaces : EOL . spaces  (5)
	spaces : EOL .  (6)

	EOL  shift 47
	COMMENT  reduce 6
	VAR  reduce 6
	LPAREN  reduce 6
	ANNOT  reduce 6
	MULT  reduce 6
	CARRY  reduce 6
	INT32  reduce 6
	INT64  reduce 6
	INT3232  reduce 6
	INT6464  reduce 6
	FLOAT80  reduce 6
	STACK32  reduce 6
	STACK64  reduce 6
	STACK128  reduce 6
	STACK256  reduce 6
	STACK512  reduce 6
	MEM32  reduce 6
	MEM64  reduce 6
	CALLER  reduce 6
	INPUT  reduce 6
	ENTER  reduce 6
	LEAVE  reduce 6
	RETURN  reduce 6
	EOF  reduce 6

	spaces  goto 71


48: shift/reduce conflict (shift 6, reduce 9) on ANNOT
state 48
	annots : ANNOT spaces . annots  (8)
	annots : ANNOT spaces .  (9)

	ANNOT  shift 6
	COMMENT  reduce 9
	VAR  reduce 9
	LPAREN  reduce 9
	MULT  reduce 9
	CARRY  reduce 9
	INT32  reduce 9
	INT64  reduce 9
	INT3232  reduce 9
	INT6464  reduce 9
	FLOAT80  reduce 9
	STACK32  reduce 9
	STACK64  reduce 9
	STACK128  reduce 9
	STACK256  reduce 9
	STACK512  reduce 9
	MEM32  reduce 9
	MEM64  reduce 9
	CALLER  reduce 9
	INPUT  reduce 9
	ENTER  reduce 9
	LEAVE  reduce 9
	RETURN  reduce 9
	EOF  reduce 9

	annots  goto 72


state 49
	cast : MULT LPAREN . typec MULT RPAREN  (84)

	INT8  shift 37
	INT16  shift 38
	INT32  shift 39
	INT64  shift 40
	UINT8  shift 41
	UINT16  shift 42
	UINT32  shift 43
	UINT64  shift 44
	UINT128  shift 45
	.  error

	typec  goto 73


state 50
	stmtkind : CARRY QUESTION . var PLUSEQ addexpr  (18)
	stmtkind : CARRY QUESTION . var MINUSEQ subexpr  (20)

	VAR  shift 4
	.  error

	var  goto 74


state 51
	stmtkind : CALLER VAR .  (36)

	.  reduce 36


state 52
	stmtkind : INPUT VAR .  (35)

	.  reduce 35


state 53
	stmtkind : ENTER VAR .  (37)

	.  reduce 37


state 54
	program : statements EOF .  (1)

	.  reduce 1


state 55
	statements : statement spaces . statements  (2)
	statements : .  (4)

	COMMENT  shift 3
	VAR  shift 4
	LPAREN  shift 5
	ANNOT  shift 6
	MULT  shift 7
	CARRY  shift 8
	INT32  shift 9
	INT64  shift 10
	INT3232  shift 11
	INT6464  shift 12
	FLOAT80  shift 13
	STACK32  shift 14
	STACK64  shift 15
	STACK128  shift 16
	STACK256  shift 17
	STACK512  shift 18
	MEM32  shift 19
	MEM64  shift 20
	CALLER  shift 21
	INPUT  shift 22
	ENTER  shift 23
	LEAVE  shift 24
	RETURN  shift 25
	EOF  reduce 4

	statements  goto 75
	statement  goto 28
	annotations  goto 29
	annots  goto 30
	stmtkind  goto 31
	typed  goto 32
	var  goto 33
	cast  goto 34
	typem  goto 35
	cast2  goto 36


state 56
	statements : annotations statements .  (3)

	.  reduce 3


state 57
	stmtkind : typed VAR .  (11)

	.  reduce 11


state 58
	stmtkind : var PLUSEQ . addexpr  (17)

	NUM  shift 76
	HEX  shift 77
	VAR  shift 4
	MULT  shift 7
	CARRY  shift 78
	MEM32  shift 19
	MEM64  shift 20
	.  error

	var  goto 79
	cast  goto 80
	typem  goto 81
	atomic  goto 82
	addexpr  goto 83
	const  goto 84
	num  goto 85


state 59
	stmtkind : var MINUSEQ . subexpr  (19)

	NUM  shift 76
	HEX  shift 77
	VAR  shift 4
	MULT  shift 7
	CARRY  shift 78
	MEM32  shift 19
	MEM64  shift 20
	.  error

	var  goto 79
	cast  goto 80
	typem  goto 81
	atomic  goto 86
	subexpr  goto 87
	const  goto 84
	num  goto 85


state 60
	stmtkind : var MULTEQ . atomic  (21)

	NUM  shift 76
	HEX  shift 77
	VAR  shift 4
	MULT  shift 7
	CARRY  shift 78
	MEM32  shift 19
	MEM64  shift 20
	.  error

	var  goto 79
	cast  goto 80
	typem  goto 81
	atomic  goto 88
	const  goto 84
	num  goto 85


state 61
	stmtkind : var ANDEQ . atomic  (22)

	NUM  shift 76
	HEX  shift 77
	VAR  shift 4
	MULT  shift 7
	CARRY  shift 78
	MEM32  shift 19
	MEM64  shift 20
	.  error

	var  goto 79
	cast  goto 80
	typem  goto 81
	atomic  goto 89
	const  goto 84
	num  goto 85


state 62
	stmtkind : var OREQ . atomic  (23)

	NUM  shift 76
	HEX  shift 77
	VAR  shift 4
	MULT  shift 7
	CARRY  shift 78
	MEM32  shift 19
	MEM64  shift 20
	.  error

	var  goto 79
	cast  goto 80
	typem  goto 81
	atomic  goto 90
	const  goto 84
	num  goto 85


state 63
	stmtkind : var XOREQ . atomic  (24)

	NUM  shift 76
	HEX  shift 77
	VAR  shift 4
	MULT  shift 7
	CARRY  shift 78
	MEM32  shift 19
	MEM64  shift 20
	.  error

	var  goto 79
	cast  goto 80
	typem  goto 81
	atomic  goto 91
	const  goto 84
	num  goto 85


state 64
	stmtkind : var SHIFTLEQ . atomic  (32)

	NUM  shift 76
	HEX  shift 77
	VAR  shift 4
	MULT  shift 7
	CARRY  shift 78
	MEM32  shift 19
	MEM64  shift 20
	.  error

	var  goto 79
	cast  goto 80
	typem  goto 81
	atomic  goto 92
	const  goto 84
	num  goto 85


state 65
	stmtkind : var EQ . cast LPAREN addr RPAREN  (12)
	stmtkind : var EQ . typem LSQUARE addr RSQUARE  (13)
	stmtkind : var EQ . expr ifcarry  (16)
	stmtkind : var EQ . MINUS var  (29)
	stmtkind : var EQ . NOT var  (30)
	stmtkind : var EQ . LPAREN var DOT var RPAREN SHIFTL atomic  (31)
	stmtkind : var EQ . LPAREN var var RPAREN SHIFTR atomic  (33)

	NUM  shift 76
	HEX  shift 77
	VAR  shift 4
	LPAREN  shift 93
	MINUS  shift 94
	MULT  shift 7
	CARRY  shift 78
	NOT  shift 95
	MEM32  shift 19
	MEM64  shift 20
	.  error

	var  goto 79
	cast  goto 96
	typem  goto 97
	atomic  goto 98
	expr  goto 99
	const  goto 84
	num  goto 85


state 66
	stmtkind : var var . EQ atomic MULT atomic  (26)
	stmtkind : var var . PLUSEQ atomic MULT atomic  (28)

	PLUSEQ  shift 100
	EQ  shift 101
	.  error


state 67
	stmtkind : cast LPAREN . addr RPAREN EQ atomic  (14)

	VAR  shift 4
	.  error

	var  goto 102
	addr  goto 103


state 68
	stmtkind : typem LSQUARE . addr RSQUARE EQ atomic  (15)

	VAR  shift 4
	.  error

	var  goto 102
	addr  goto 104


state 69
	stmtkind : cast2 var . var EQ atomic MULT atomic  (25)
	stmtkind : cast2 var . var PLUSEQ atomic MULT atomic  (27)
	stmtkind : cast2 var . SHIFTREQ atomic  (34)

	VAR  shift 4
	SHIFTREQ  shift 105
	.  error

	var  goto 106


state 70
	cast2 : LPAREN typec RPAREN .  (85)

	.  reduce 85


state 71
	spaces : EOL spaces .  (5)

	.  reduce 5


state 72
	annots : ANNOT spaces annots .  (8)

	.  reduce 8


state 73
	cast : MULT LPAREN typec . MULT RPAREN  (84)

	MULT  shift 107
	.  error


state 74
	stmtkind : CARRY QUESTION var . PLUSEQ addexpr  (18)
	stmtkind : CARRY QUESTION var . MINUSEQ subexpr  (20)

	PLUSEQ  shift 108
	MINUSEQ  shift 109
	.  error


state 75
	statements : statement spaces statements .  (2)

	.  reduce 2


state 76
	num : NUM .  (71)

	.  reduce 71


state 77
	const : HEX .  (70)

	.  reduce 70


state 78
	atomic : CARRY .  (58)

	.  reduce 58


state 79
	atomic : var .  (59)

	.  reduce 59


state 80
	atomic : cast . LPAREN addr RPAREN  (60)
	atomic : cast . AND VAR  (62)

	LPAREN  shift 110
	AND  shift 111
	.  error


state 81
	atomic : typem . LSQUARE addr RSQUARE  (61)
	atomic : typem . LSQUARE VAR RSQUARE  (63)

	LSQUARE  shift 112
	.  error


state 82
	addexpr : atomic .  (53)
	addexpr : atomic . PLUS atomic  (54)

	PLUS  shift 113
	EOL  reduce 53


state 83
	stmtkind : var PLUSEQ addexpr .  (17)

	.  reduce 17


state 84
	atomic : const .  (57)

	.  reduce 57


state 85
	const : num .  (69)

	.  reduce 69


state 86
	subexpr : atomic .  (55)
	subexpr : atomic . MINUS atomic  (56)

	MINUS  shift 114
	EOL  reduce 55


state 87
	stmtkind : var MINUSEQ subexpr .  (19)

	.  reduce 19


state 88
	stmtkind : var MULTEQ atomic .  (21)

	.  reduce 21


state 89
	stmtkind : var ANDEQ atomic .  (22)

	.  reduce 22


state 90
	stmtkind : var OREQ atomic .  (23)

	.  reduce 23


state 91
	stmtkind : var XOREQ atomic .  (24)

	.  reduce 24


state 92
	stmtkind : var SHIFTLEQ atomic .  (32)

	.  reduce 32


state 93
	stmtkind : var EQ LPAREN . var DOT var RPAREN SHIFTL atomic  (31)
	stmtkind : var EQ LPAREN . var var RPAREN SHIFTR atomic  (33)
	expr : LPAREN . atomic SHIFTL atomic RPAREN  (49)
	expr : LPAREN . atomic UNSIGNED_SHIFTR atomic RPAREN  (50)

	NUM  shift 76
	HEX  shift 77
	VAR  shift 4
	MULT  shift 7
	CARRY  shift 78
	MEM32  shift 19
	MEM64  shift 20
	.  error

	var  goto 115
	cast  goto 80
	typem  goto 81
	atomic  goto 116
	const  goto 84
	num  goto 85


state 94
	stmtkind : var EQ MINUS . var  (29)

	VAR  shift 4
	.  error

	var  goto 117


state 95
	stmtkind : var EQ NOT . var  (30)

	VAR  shift 4
	.  error

	var  goto 118


state 96
	stmtkind : var EQ cast . LPAREN addr RPAREN  (12)
	atomic : cast . LPAREN addr RPAREN  (60)
	atomic : cast . AND VAR  (62)

	LPAREN  shift 119
	AND  shift 111
	.  error


state 97
	stmtkind : var EQ typem . LSQUARE addr RSQUARE  (13)
	atomic : typem . LSQUARE addr RSQUARE  (61)
	atomic : typem . LSQUARE VAR RSQUARE  (63)

	LSQUARE  shift 120
	.  error


state 98
	expr : atomic .  (44)
	expr : atomic . PLUS atomic  (45)
	expr : atomic . PLUS atomic PLUS atomic  (46)
	expr : atomic . MULT atomic  (47)
	expr : atomic . AND atomic  (48)
	expr : atomic . PLUS LPAREN atomic SHIFTL atomic RPAREN  (51)
	expr : atomic . PLUS LPAREN atomic UNSIGNED_SHIFTR atomic RPAREN  (52)

	PLUS  shift 121
	MULT  shift 122
	AND  shift 123
	EOL  reduce 44
	IF  reduce 44


state 99
	stmtkind : var EQ expr . ifcarry  (16)
	ifcarry : .  (43)

	IF  shift 124
	EOL  reduce 43

	ifcarry  goto 125


state 100
	stmtkind : var var PLUSEQ . atomic MULT atomic  (28)

	NUM  shift 76
	HEX  shift 77
	VAR  shift 4
	MULT  shift 7
	CARRY  shift 78
	MEM32  shift 19
	MEM64  shift 20
	.  error

	var  goto 79
	cast  goto 80
	typem  goto 81
	atomic  goto 126
	const  goto 84
	num  goto 85


state 101
	stmtkind : var var EQ . atomic MULT atomic  (26)

	NUM  shift 76
	HEX  shift 77
	VAR  shift 4
	MULT  shift 7
	CARRY  shift 78
	MEM32  shift 19
	MEM64  shift 20
	.  error

	var  goto 79
	cast  goto 80
	typem  goto 81
	atomic  goto 127
	const  goto 84
	num  goto 85


state 102
	addr : var . PLUS num  (64)
	addr : var . PLUS var  (65)
	addr : var . PLUS var MULT num  (66)
	addr : var . PLUS num PLUS var MULT num  (67)

	PLUS  shift 128
	.  error


state 103
	stmtkind : cast LPAREN addr . RPAREN EQ atomic  (14)

	RPAREN  shift 129
	.  error


state 104
	stmtkind : typem LSQUARE addr . RSQUARE EQ atomic  (15)

	RSQUARE  shift 130
	.  error


state 105
	stmtkind : cast2 var SHIFTREQ . atomic  (34)

	NUM  shift 76
	HEX  shift 77
	VAR  shift 4
	MULT  shift 7
	CARRY  shift 78
	MEM32  shift 19
	MEM64  shift 20
	.  error

	var  goto 79
	cast  goto 80
	typem  goto 81
	atomic  goto 131
	const  goto 84
	num  goto 85


state 106
	stmtkind : cast2 var var . EQ atomic MULT atomic  (25)
	stmtkind : cast2 var var . PLUSEQ atomic MULT atomic  (27)

	PLUSEQ  shift 132
	EQ  shift 133
	.  error


state 107
	cast : MULT LPAREN typec MULT . RPAREN  (84)

	RPAREN  shift 134
	.  error


state 108
	stmtkind : CARRY QUESTION var PLUSEQ . addexpr  (18)

	NUM  shift 76
	HEX  shift 77
	VAR  shift 4
	MULT  shift 7
	CARRY  shift 78
	MEM32  shift 19
	MEM64  shift 20
	.  error

	var  goto 79
	cast  goto 80
	typem  goto 81
	atomic  goto 82
	addexpr  goto 135
	const  goto 84
	num  goto 85


state 109
	stmtkind : CARRY QUESTION var MINUSEQ . subexpr  (20)

	NUM  shift 76
	HEX  shift 77
	VAR  shift 4
	MULT  shift 7
	CARRY  shift 78
	MEM32  shift 19
	MEM64  shift 20
	.  error

	var  goto 79
	cast  goto 80
	typem  goto 81
	atomic  goto 86
	subexpr  goto 136
	const  goto 84
	num  goto 85


state 110
	atomic : cast LPAREN . addr RPAREN  (60)

	VAR  shift 4
	.  error

	var  goto 102
	addr  goto 137


state 111
	atomic : cast AND . VAR  (62)

	VAR  shift 138
	.  error


state 112
	atomic : typem LSQUARE . addr RSQUARE  (61)
	atomic : typem LSQUARE . VAR RSQUARE  (63)

	VAR  shift 139
	.  error

	var  goto 102
	addr  goto 140


state 113
	addexpr : atomic PLUS . atomic  (54)

	NUM  shift 76
	HEX  shift 77
	VAR  shift 4
	MULT  shift 7
	CARRY  shift 78
	MEM32  shift 19
	MEM64  shift 20
	.  error

	var  goto 79
	cast  goto 80
	typem  goto 81
	atomic  goto 141
	const  goto 84
	num  goto 85


state 114
	subexpr : atomic MINUS . atomic  (56)

	NUM  shift 76
	HEX  shift 77
	VAR  shift 4
	MULT  shift 7
	CARRY  shift 78
	MEM32  shift 19
	MEM64  shift 20
	.  error

	var  goto 79
	cast  goto 80
	typem  goto 81
	atomic  goto 142
	const  goto 84
	num  goto 85


state 115
	stmtkind : var EQ LPAREN var . DOT var RPAREN SHIFTL atomic  (31)
	stmtkind : var EQ LPAREN var . var RPAREN SHIFTR atomic  (33)
	atomic : var .  (59)

	VAR  shift 4
	DOT  shift 143
	UNSIGNED_SHIFTR  reduce 59
	SHIFTL  reduce 59

	var  goto 144


state 116
	expr : LPAREN atomic . SHIFTL atomic RPAREN  (49)
	expr : LPAREN atomic . UNSIGNED_SHIFTR atomic RPAREN  (50)

	UNSIGNED_SHIFTR  shift 145
	SHIFTL  shift 146
	.  error


state 117
	stmtkind : var EQ MINUS var .  (29)

	.  reduce 29


state 118
	stmtkind : var EQ NOT var .  (30)

	.  reduce 30


state 119
	stmtkind : var EQ cast LPAREN . addr RPAREN  (12)
	atomic : cast LPAREN . addr RPAREN  (60)

	VAR  shift 4
	.  error

	var  goto 102
	addr  goto 147


state 120
	stmtkind : var EQ typem LSQUARE . addr RSQUARE  (13)
	atomic : typem LSQUARE . addr RSQUARE  (61)
	atomic : typem LSQUARE . VAR RSQUARE  (63)

	VAR  shift 139
	.  error

	var  goto 102
	addr  goto 148


state 121
	expr : atomic PLUS . atomic  (45)
	expr : atomic PLUS . atomic PLUS atomic  (46)
	expr : atomic PLUS . LPAREN atomic SHIFTL atomic RPAREN  (51)
	expr : atomic PLUS . LPAREN atomic UNSIGNED_SHIFTR atomic RPAREN  (52)

	NUM  shift 76
	HEX  shift 77
	VAR  shift 4
	LPAREN  shift 149
	MULT  shift 7
	CARRY  shift 78
	MEM32  shift 19
	MEM64  shift 20
	.  error

	var  goto 79
	cast  goto 80
	typem  goto 81
	atomic  goto 150
	const  goto 84
	num  goto 85


state 122
	expr : atomic MULT . atomic  (47)

	NUM  shift 76
	HEX  shift 77
	VAR  shift 4
	MULT  shift 7
	CARRY  shift 78
	MEM32  shift 19
	MEM64  shift 20
	.  error

	var  goto 79
	cast  goto 80
	typem  goto 81
	atomic  goto 151
	const  goto 84
	num  goto 85


state 123
	expr : atomic AND . atomic  (48)

	NUM  shift 76
	HEX  shift 77
	VAR  shift 4
	MULT  shift 7
	CARRY  shift 78
	MEM32  shift 19
	MEM64  shift 20
	.  error

	var  goto 79
	cast  goto 80
	typem  goto 81
	atomic  goto 152
	const  goto 84
	num  goto 85


state 124
	ifcarry : IF . NOT CARRY  (41)
	ifcarry : IF . CARRY  (42)

	CARRY  shift 153
	NOT  shift 154
	.  error


state 125
	stmtkind : var EQ expr ifcarry .  (16)

	.  reduce 16


state 126
	stmtkind : var var PLUSEQ atomic . MULT atomic  (28)

	MULT  shift 155
	.  error


state 127
	stmtkind : var var EQ atomic . MULT atomic  (26)

	MULT  shift 156
	.  error


state 128
	addr : var PLUS . num  (64)
	addr : var PLUS . var  (65)
	addr : var PLUS . var MULT num  (66)
	addr : var PLUS . num PLUS var MULT num  (67)

	NUM  shift 76
	VAR  shift 4
	.  error

	var  goto 157
	num  goto 158


state 129
	stmtkind : cast LPAREN addr RPAREN . EQ atomic  (14)

	EQ  shift 159
	.  error


state 130
	stmtkind : typem LSQUARE addr RSQUARE . EQ atomic  (15)

	EQ  shift 160
	.  error


state 131
	stmtkind : cast2 var SHIFTREQ atomic .  (34)

	.  reduce 34


state 132
	stmtkind : cast2 var var PLUSEQ . atomic MULT atomic  (27)

	NUM  shift 76
	HEX  shift 77
	VAR  shift 4
	MULT  shift 7
	CARRY  shift 78
	MEM32  shift 19
	MEM64  shift 20
	.  error

	var  goto 79
	cast  goto 80
	typem  goto 81
	atomic  goto 161
	const  goto 84
	num  goto 85


state 133
	stmtkind : cast2 var var EQ . atomic MULT atomic  (25)

	NUM  shift 76
	HEX  shift 77
	VAR  shift 4
	MULT  shift 7
	CARRY  shift 78
	MEM32  shift 19
	MEM64  shift 20
	.  error

	var  goto 79
	cast  goto 80
	typem  goto 81
	atomic  goto 162
	const  goto 84
	num  goto 85


state 134
	cast : MULT LPAREN typec MULT RPAREN .  (84)

	.  reduce 84


state 135
	stmtkind : CARRY QUESTION var PLUSEQ addexpr .  (18)

	.  reduce 18


state 136
	stmtkind : CARRY QUESTION var MINUSEQ subexpr .  (20)

	.  reduce 20


state 137
	atomic : cast LPAREN addr . RPAREN  (60)

	RPAREN  shift 163
	.  error


state 138
	atomic : cast AND VAR .  (62)

	.  reduce 62


state 139
	atomic : typem LSQUARE VAR . RSQUARE  (63)
	var : VAR .  (68)

	RSQUARE  shift 164
	PLUS  reduce 68


state 140
	atomic : typem LSQUARE addr . RSQUARE  (61)

	RSQUARE  shift 165
	.  error


state 141
	addexpr : atomic PLUS atomic .  (54)

	.  reduce 54


state 142
	subexpr : atomic MINUS atomic .  (56)

	.  reduce 56


state 143
	stmtkind : var EQ LPAREN var DOT . var RPAREN SHIFTL atomic  (31)

	VAR  shift 4
	.  error

	var  goto 166


state 144
	stmtkind : var EQ LPAREN var var . RPAREN SHIFTR atomic  (33)

	RPAREN  shift 167
	.  error


state 145
	expr : LPAREN atomic UNSIGNED_SHIFTR . atomic RPAREN  (50)

	NUM  shift 76
	HEX  shift 77
	VAR  shift 4
	MULT  shift 7
	CARRY  shift 78
	MEM32  shift 19
	MEM64  shift 20
	.  error

	var  goto 79
	cast  goto 80
	typem  goto 81
	atomic  goto 168
	const  goto 84
	num  goto 85


state 146
	expr : LPAREN atomic SHIFTL . atomic RPAREN  (49)

	NUM  shift 76
	HEX  shift 77
	VAR  shift 4
	MULT  shift 7
	CARRY  shift 78
	MEM32  shift 19
	MEM64  shift 20
	.  error

	var  goto 79
	cast  goto 80
	typem  goto 81
	atomic  goto 169
	const  goto 84
	num  goto 85


state 147
	stmtkind : var EQ cast LPAREN addr . RPAREN  (12)
	atomic : cast LPAREN addr . RPAREN  (60)

	RPAREN  shift 170
	.  error


state 148
	stmtkind : var EQ typem LSQUARE addr . RSQUARE  (13)
	atomic : typem LSQUARE addr . RSQUARE  (61)

	RSQUARE  shift 171
	.  error


state 149
	expr : atomic PLUS LPAREN . atomic SHIFTL atomic RPAREN  (51)
	expr : atomic PLUS LPAREN . atomic UNSIGNED_SHIFTR atomic RPAREN  (52)

	NUM  shift 76
	HEX  shift 77
	VAR  shift 4
	MULT  shift 7
	CARRY  shift 78
	MEM32  shift 19
	MEM64  shift 20
	.  error

	var  goto 79
	cast  goto 80
	typem  goto 81
	atomic  goto 172
	const  goto 84
	num  goto 85


state 150
	expr : atomic PLUS atomic .  (45)
	expr : atomic PLUS atomic . PLUS atomic  (46)

	PLUS  shift 173
	EOL  reduce 45
	IF  reduce 45


state 151
	expr : atomic MULT atomic .  (47)

	.  reduce 47


state 152
	expr : atomic AND atomic .  (48)

	.  reduce 48


state 153
	ifcarry : IF CARRY .  (42)

	.  reduce 42


state 154
	ifcarry : IF NOT . CARRY  (41)

	CARRY  shift 174
	.  error


state 155
	stmtkind : var var PLUSEQ atomic MULT . atomic  (28)

	NUM  shift 76
	HEX  shift 77
	VAR  shift 4
	MULT  shift 7
	CARRY  shift 78
	MEM32  shift 19
	MEM64  shift 20
	.  error

	var  goto 79
	cast  goto 80
	typem  goto 81
	atomic  goto 175
	const  goto 84
	num  goto 85


state 156
	stmtkind : var var EQ atomic MULT . atomic  (26)

	NUM  shift 76
	HEX  shift 77
	VAR  shift 4
	MULT  shift 7
	CARRY  shift 78
	MEM32  shift 19
	MEM64  shift 20
	.  error

	var  goto 79
	cast  goto 80
	typem  goto 81
	atomic  goto 176
	const  goto 84
	num  goto 85


state 157
	addr : var PLUS var .  (65)
	addr : var PLUS var . MULT num  (66)

	MULT  shift 177
	RPAREN  reduce 65
	RSQUARE  reduce 65


state 158
	addr : var PLUS num .  (64)
	addr : var PLUS num . PLUS var MULT num  (67)

	PLUS  shift 178
	RPAREN  reduce 64
	RSQUARE  reduce 64


state 159
	stmtkind : cast LPAREN addr RPAREN EQ . atomic  (14)

	NUM  shift 76
	HEX  shift 77
	VAR  shift 4
	MULT  shift 7
	CARRY  shift 78
	MEM32  shift 19
	MEM64  shift 20
	.  error

	var  goto 79
	cast  goto 80
	typem  goto 81
	atomic  goto 179
	const  goto 84
	num  goto 85


state 160
	stmtkind : typem LSQUARE addr RSQUARE EQ . atomic  (15)

	NUM  shift 76
	HEX  shift 77
	VAR  shift 4
	MULT  shift 7
	CARRY  shift 78
	MEM32  shift 19
	MEM64  shift 20
	.  error

	var  goto 79
	cast  goto 80
	typem  goto 81
	atomic  goto 180
	const  goto 84
	num  goto 85


state 161
	stmtkind : cast2 var var PLUSEQ atomic . MULT atomic  (27)

	MULT  shift 181
	.  error


state 162
	stmtkind : cast2 var var EQ atomic . MULT atomic  (25)

	MULT  shift 182
	.  error


state 163
	atomic : cast LPAREN addr RPAREN .  (60)

	.  reduce 60


state 164
	atomic : typem LSQUARE VAR RSQUARE .  (63)

	.  reduce 63


state 165
	atomic : typem LSQUARE addr RSQUARE .  (61)

	.  reduce 61


state 166
	stmtkind : var EQ LPAREN var DOT var . RPAREN SHIFTL atomic  (31)

	RPAREN  shift 183
	.  error


state 167
	stmtkind : var EQ LPAREN var var RPAREN . SHIFTR atomic  (33)

	SHIFTR  shift 184
	.  error


state 168
	expr : LPAREN atomic UNSIGNED_SHIFTR atomic . RPAREN  (50)

	RPAREN  shift 185
	.  error


state 169
	expr : LPAREN atomic SHIFTL atomic . RPAREN  (49)

	RPAREN  shift 186
	.  error


170: reduce/reduce conflict (reduce 12, reduce 60) on EOL
state 170
	stmtkind : var EQ cast LPAREN addr RPAREN .  (12)
	atomic : cast LPAREN addr RPAREN .  (60)

	EOL  reduce 12
	PLUS  reduce 60
	MULT  reduce 60
	AND  reduce 60
	IF  reduce 60


171: reduce/reduce conflict (reduce 13, reduce 61) on EOL
state 171
	stmtkind : var EQ typem LSQUARE addr RSQUARE .  (13)
	atomic : typem LSQUARE addr RSQUARE .  (61)

	EOL  reduce 13
	PLUS  reduce 61
	MULT  reduce 61
	AND  reduce 61
	IF  reduce 61


state 172
	expr : atomic PLUS LPAREN atomic . SHIFTL atomic RPAREN  (51)
	expr : atomic PLUS LPAREN atomic . UNSIGNED_SHIFTR atomic RPAREN  (52)

	UNSIGNED_SHIFTR  shift 187
	SHIFTL  shift 188
	.  error


state 173
	expr : atomic PLUS atomic PLUS . atomic  (46)

	NUM  shift 76
	HEX  shift 77
	VAR  shift 4
	MULT  shift 7
	CARRY  shift 78
	MEM32  shift 19
	MEM64  shift 20
	.  error

	var  goto 79
	cast  goto 80
	typem  goto 81
	atomic  goto 189
	const  goto 84
	num  goto 85


state 174
	ifcarry : IF NOT CARRY .  (41)

	.  reduce 41


state 175
	stmtkind : var var PLUSEQ atomic MULT atomic .  (28)

	.  reduce 28


state 176
	stmtkind : var var EQ atomic MULT atomic .  (26)

	.  reduce 26


state 177
	addr : var PLUS var MULT . num  (66)

	NUM  shift 76
	.  error

	num  goto 190


state 178
	addr : var PLUS num PLUS . var MULT num  (67)

	VAR  shift 4
	.  error

	var  goto 191


state 179
	stmtkind : cast LPAREN addr RPAREN EQ atomic .  (14)

	.  reduce 14


state 180
	stmtkind : typem LSQUARE addr RSQUARE EQ atomic .  (15)

	.  reduce 15


state 181
	stmtkind : cast2 var var PLUSEQ atomic MULT . atomic  (27)

	NUM  shift 76
	HEX  shift 77
	VAR  shift 4
	MULT  shift 7
	CARRY  shift 78
	MEM32  shift 19
	MEM64  shift 20
	.  error

	var  goto 79
	cast  goto 80
	typem  goto 81
	atomic  goto 192
	const  goto 84
	num  goto 85


state 182
	stmtkind : cast2 var var EQ atomic MULT . atomic  (25)

	NUM  shift 76
	HEX  shift 77
	VAR  shift 4
	MULT  shift 7
	CARRY  shift 78
	MEM32  shift 19
	MEM64  shift 20
	.  error

	var  goto 79
	cast  goto 80
	typem  goto 81
	atomic  goto 193
	const  goto 84
	num  goto 85


state 183
	stmtkind : var EQ LPAREN var DOT var RPAREN . SHIFTL atomic  (31)

	SHIFTL  shift 194
	.  error


state 184
	stmtkind : var EQ LPAREN var var RPAREN SHIFTR . atomic  (33)

	NUM  shift 76
	HEX  shift 77
	VAR  shift 4
	MULT  shift 7
	CARRY  shift 78
	MEM32  shift 19
	MEM64  shift 20
	.  error

	var  goto 79
	cast  goto 80
	typem  goto 81
	atomic  goto 195
	const  goto 84
	num  goto 85


state 185
	expr : LPAREN atomic UNSIGNED_SHIFTR atomic RPAREN .  (50)

	.  reduce 50


state 186
	expr : LPAREN atomic SHIFTL atomic RPAREN .  (49)

	.  reduce 49


state 187
	expr : atomic PLUS LPAREN atomic UNSIGNED_SHIFTR . atomic RPAREN  (52)

	NUM  shift 76
	HEX  shift 77
	VAR  shift 4
	MULT  shift 7
	CARRY  shift 78
	MEM32  shift 19
	MEM64  shift 20
	.  error

	var  goto 79
	cast  goto 80
	typem  goto 81
	atomic  goto 196
	const  goto 84
	num  goto 85


state 188
	expr : atomic PLUS LPAREN atomic SHIFTL . atomic RPAREN  (51)

	NUM  shift 76
	HEX  shift 77
	VAR  shift 4
	MULT  shift 7
	CARRY  shift 78
	MEM32  shift 19
	MEM64  shift 20
	.  error

	var  goto 79
	cast  goto 80
	typem  goto 81
	atomic  goto 197
	const  goto 84
	num  goto 85


state 189
	expr : atomic PLUS atomic PLUS atomic .  (46)

	.  reduce 46


state 190
	addr : var PLUS var MULT num .  (66)

	.  reduce 66


state 191
	addr : var PLUS num PLUS var . MULT num  (67)

	MULT  shift 198
	.  error


state 192
	stmtkind : cast2 var var PLUSEQ atomic MULT atomic .  (27)

	.  reduce 27


state 193
	stmtkind : cast2 var var EQ atomic MULT atomic .  (25)

	.  reduce 25


state 194
	stmtkind : var EQ LPAREN var DOT var RPAREN SHIFTL . atomic  (31)

	NUM  shift 76
	HEX  shift 77
	VAR  shift 4
	MULT  shift 7
	CARRY  shift 78
	MEM32  shift 19
	MEM64  shift 20
	.  error

	var  goto 79
	cast  goto 80
	typem  goto 81
	atomic  goto 199
	const  goto 84
	num  goto 85


state 195
	stmtkind : var EQ LPAREN var var RPAREN SHIFTR atomic .  (33)

	.  reduce 33


state 196
	expr : atomic PLUS LPAREN atomic UNSIGNED_SHIFTR atomic . RPAREN  (52)

	RPAREN  shift 200
	.  error


state 197
	expr : atomic PLUS LPAREN atomic SHIFTL atomic . RPAREN  (51)

	RPAREN  shift 201
	.  error


state 198
	addr : var PLUS num PLUS var MULT . num  (67)

	NUM  shift 76
	.  error

	num  goto 202


state 199
	stmtkind : var EQ LPAREN var DOT var RPAREN SHIFTL atomic .  (31)

	.  reduce 31


state 200
	expr : atomic PLUS LPAREN atomic UNSIGNED_SHIFTR atomic RPAREN .  (52)

	.  reduce 52


state 201
	expr : atomic PLUS LPAREN atomic SHIFTL atomic RPAREN .  (51)

	.  reduce 51


state 202
	addr : var PLUS num PLUS var MULT num .  (67)

	.  reduce 67


State 48 contains 1 shift/reduce conflict.
State 170 contains 1 reduce/reduce conflict.
State 171 contains 1 reduce/reduce conflict.


90 terminals, 23 nonterminals
96 grammar rules, 203 states
